This is pdfTeX, Version 3.141592653-2.6-1.40.25 (MiKTeX 24.1) (preloaded format=pdflatex 2024.7.22)  24 AUG 2024 23:04
entering extended mode
 restricted \write18 enabled.
 %&-line parsing enabled.
**./authors_journal.tex
(authors_journal.tex
LaTeX2e <2023-11-01> patch level 1
L3 programming layer <2024-01-04>
Runaway argument?
{ Batman, \IEEEmembership {Member, IEEE,} Homer Simpson, \IEEEmembership \ETC.
! Paragraph ended before \author  was complete.
<to be read again> 
                   \par 
l.8 	
     
I suspect you've forgotten a `}', causing me to apply this
control sequence to too much text. How can we recover?
My plan is to forget the whole thing and hope for the best.

! Too many }'s.
l.9 }
     
You've closed more groups than you opened.
Such booboos are generally harmless, so keep going.

)
! Emergency stop.
<*> ./authors_journal.tex
                         
*** (job aborted, no legal \end found)

 
Here is how much of TeX's memory you used:
 19 strings out of 474485
 546 string characters out of 5753549
 1924542 words of memory out of 5000000
 22406 multiletter control sequences out of 15000+600000
 558069 words of font info for 36 fonts, out of 8000000 for 9000
 1141 hyphenation exceptions out of 8191
 12i,0n,13p,61b,8s stack positions out of 10000i,1000n,20000p,200000b,200000s
!  ==> Fatal error occurred, no output PDF file produced!
